app/build/intermediates/manifest_merge_blame_file/debug/manifest-merger-blame-debug-report.txt
1<?xml version="1.0" encoding="utf-8"?>
2<manifest xmlns:android="http://schemas.android.com/apk/res/android"
3    package="com.example.bright.trackmenew"
4    android:versionCode="1"
5    android:versionName="1.0" >
6
7    <uses-sdk
8        android:minSdkVersion="19"
8-->src\main\AndroidManifest.xml
9        android:targetSdkVersion="26" />
9-->src\main\AndroidManifest.xml
10    <!--
11         The ACCESS_COARSE/FINE_LOCATION permissions are not required to use
12         Google Maps Android API v2, but you must specify either coarse or fine
13         location permissions for the 'MyLocation' functionality. 
14    -->
15    <uses-permission android:name="android.permission.ACCESS_FINE_LOCATION" />
15-->src\main\AndroidManifest.xml:9:5-79
15-->src\main\AndroidManifest.xml:9:22-76
16    <uses-permission android:name="android.permission.INTERNET" />
16-->src\main\AndroidManifest.xml:10:5-67
16-->src\main\AndroidManifest.xml:10:22-64
17    <uses-permission android:name="android.permission.CAMERA" >
17-->src\main\AndroidManifest.xml:11:5-82
17-->src\main\AndroidManifest.xml:11:22-62
18    </uses-permission>
19
20    <!-- Include required permissions for Google Maps API to run. -->
21    <uses-permission android:name="android.permission.ACCESS_NETWORK_STATE" />
21-->[com.google.android.gms:play-services-maps:15.0.1] AndroidManifest.xml:23:5-79
21-->[com.google.android.gms:play-services-maps:15.0.1] AndroidManifest.xml:23:22-76
22
23    <uses-feature
23-->[com.google.android.gms:play-services-maps:15.0.1] AndroidManifest.xml:26:5-28:35
24        android:glEsVersion="0x00020000"
24-->[com.google.android.gms:play-services-maps:15.0.1] AndroidManifest.xml:27:9-41
25        android:required="true" />
25-->[com.google.android.gms:play-services-maps:15.0.1] AndroidManifest.xml:28:9-32
26
27    <uses-permission android:name="com.google.android.finsky.permission.BIND_GET_INSTALL_REFERRER_SERVICE" />
27-->[com.android.installreferrer:installreferrer:1.0] AndroidManifest.xml:9:5-110
27-->[com.android.installreferrer:installreferrer:1.0] AndroidManifest.xml:9:22-107
28
29    <application
29-->src\main\AndroidManifest.xml:13:5-63:19
30        android:allowBackup="true"
30-->src\main\AndroidManifest.xml:14:9-35
31        android:debuggable="true"
32        android:icon="@mipmap/ic_launcher"
32-->src\main\AndroidManifest.xml:15:9-43
33        android:label="@string/app_name"
33-->src\main\AndroidManifest.xml:16:9-41
34        android:roundIcon="@mipmap/ic_launcher_round"
34-->src\main\AndroidManifest.xml:17:9-54
35        android:supportsRtl="true"
35-->src\main\AndroidManifest.xml:18:9-35
36        android:testOnly="true"
37        android:theme="@style/AppTheme" >
37-->src\main\AndroidManifest.xml:19:9-40
38        <activity android:name="com.example.bright.trackmenew.ATravelExperience" />
38-->src\main\AndroidManifest.xml:20:9-64
38-->src\main\AndroidManifest.xml:20:19-52
39        <activity android:name="com.example.bright.trackmenew.showPlaces" />
39-->src\main\AndroidManifest.xml:21:9-48
39-->src\main\AndroidManifest.xml:21:19-45
40        <activity android:name="com.example.bright.trackmenew.MainActivity" >
40-->src\main\AndroidManifest.xml:22:9-28:20
40-->src\main\AndroidManifest.xml:22:19-47
41            <intent-filter>
41-->src\main\AndroidManifest.xml:23:13-27:29
42                <action android:name="android.intent.action.MAIN" />
42-->src\main\AndroidManifest.xml:24:17-69
42-->src\main\AndroidManifest.xml:24:25-66
43
44                <category android:name="android.intent.category.LAUNCHER" />
44-->src\main\AndroidManifest.xml:26:17-77
44-->src\main\AndroidManifest.xml:26:27-74
45            </intent-filter>
46        </activity>
47        <!--
48             The API key for Google Maps-based APIs is defined as a string resource.
49             (See the file "res/values/google_maps_api.xml").
50             Note that the API key is linked to the encryption key used to sign the APK.
51             You need a different API key for each encryption key, including the release key that is used to
52             sign the APK for publishing.
53             You can define the keys for the debug and release targets in src/debug/ and src/release/. 
54        -->
55        <meta-data
55-->src\main\AndroidManifest.xml:37:9-39:55
56            android:name="com.google.android.geo.API_KEY"
56-->src\main\AndroidManifest.xml:38:13-58
57            android:value="@string/google_maps_key" />
57-->src\main\AndroidManifest.xml:39:13-52
58
59        <activity
59-->src\main\AndroidManifest.xml:41:9-44:59
60            android:name="com.example.bright.trackmenew.MapsActivity"
60-->src\main\AndroidManifest.xml:42:13-41
61            android:exported="true"
61-->src\main\AndroidManifest.xml:43:13-36
62            android:label="@string/title_activity_maps" />
62-->src\main\AndroidManifest.xml:44:13-56
63
64        <meta-data
64-->src\main\AndroidManifest.xml:46:9-47:54
65            android:name="com.facebook.sdk.ApplicationId"
65-->src\main\AndroidManifest.xml:46:20-65
66            android:value="@string/facebook_app_id" />
66-->src\main\AndroidManifest.xml:47:13-52
67
68        <activity
68-->src\main\AndroidManifest.xml:49:9-52:48
69            android:name="com.facebook.FacebookActivity"
69-->src\main\AndroidManifest.xml:49:19-63
70            android:configChanges="keyboard|keyboardHidden|screenLayout|screenSize|orientation"
70-->src\main\AndroidManifest.xml:50:13-113
71            android:label="@string/app_name"
71-->src\main\AndroidManifest.xml:52:13-45
72            android:theme="@style/com_facebook_activity_theme" />
72-->[com.facebook.android:facebook-common:5.15.3] AndroidManifest.xml:33:13-63
73        <activity
73-->src\main\AndroidManifest.xml:53:9-62:20
74            android:name="com.facebook.CustomTabActivity"
74-->src\main\AndroidManifest.xml:54:13-58
75            android:exported="true" >
75-->src\main\AndroidManifest.xml:55:13-36
76            <intent-filter>
76-->src\main\AndroidManifest.xml:56:13-61:29
77                <action android:name="android.intent.action.VIEW" />
77-->src\main\AndroidManifest.xml:57:17-69
77-->src\main\AndroidManifest.xml:57:25-66
78
79                <category android:name="android.intent.category.DEFAULT" />
79-->src\main\AndroidManifest.xml:58:17-76
79-->src\main\AndroidManifest.xml:58:27-73
80                <category android:name="android.intent.category.BROWSABLE" />
80-->src\main\AndroidManifest.xml:59:17-78
80-->src\main\AndroidManifest.xml:59:27-75
81
82                <data android:scheme="@string/fb_login_protocol_scheme" />
82-->src\main\AndroidManifest.xml:60:17-75
82-->src\main\AndroidManifest.xml:60:23-72
83            </intent-filter>
84            <intent-filter>
84-->[com.facebook.android:facebook-common:5.15.3] AndroidManifest.xml:39:13-48:29
85                <action android:name="android.intent.action.VIEW" />
85-->src\main\AndroidManifest.xml:57:17-69
85-->src\main\AndroidManifest.xml:57:25-66
86
87                <category android:name="android.intent.category.DEFAULT" />
87-->src\main\AndroidManifest.xml:58:17-76
87-->src\main\AndroidManifest.xml:58:27-73
88                <category android:name="android.intent.category.BROWSABLE" />
88-->src\main\AndroidManifest.xml:59:17-78
88-->src\main\AndroidManifest.xml:59:27-75
89
90                <data
90-->src\main\AndroidManifest.xml:60:17-75
91                    android:host="cct.com.example.bright.trackmenew"
92                    android:scheme="fbconnect" />
92-->src\main\AndroidManifest.xml:60:23-72
93            </intent-filter>
94        </activity>
95
96        <meta-data
96-->[com.android.support:design:26.1.0] AndroidManifest.xml:26:9-28:38
97            android:name="android.support.VERSION"
97-->[com.android.support:design:26.1.0] AndroidManifest.xml:27:13-51
98            android:value="26.1.0" />
98-->[com.android.support:design:26.1.0] AndroidManifest.xml:28:13-35
99
100        <activity android:name="com.facebook.CustomTabMainActivity" />
100-->[com.facebook.android:facebook-common:5.15.3] AndroidManifest.xml:34:9-71
100-->[com.facebook.android:facebook-common:5.15.3] AndroidManifest.xml:34:19-68
101        <!--
102         The initialization ContentProvider will call FacebookSdk.sdkInitialize automatically
103         with the application context. This config is merged in with the host app's manifest,
104         but there can only be one provider with the same authority activated at any given
105         point; so if the end user has two or more different apps that use Facebook SDK, only the
106         first one will be able to use the provider. To work around this problem, we use the
107         following placeholder in the authority to identify each host application as if it was
108         a completely different provider.
109        -->
110        <provider
110-->[com.facebook.android:facebook-core:5.15.3] AndroidManifest.xml:39:9-42:40
111            android:name="com.facebook.internal.FacebookInitProvider"
111-->[com.facebook.android:facebook-core:5.15.3] AndroidManifest.xml:40:13-70
112            android:authorities="com.example.bright.trackmenew.FacebookInitProvider"
112-->[com.facebook.android:facebook-core:5.15.3] AndroidManifest.xml:41:13-72
113            android:exported="false" />
113-->[com.facebook.android:facebook-core:5.15.3] AndroidManifest.xml:42:13-37
114
115        <receiver
115-->[com.facebook.android:facebook-core:5.15.3] AndroidManifest.xml:44:9-50:20
116            android:name="com.facebook.CurrentAccessTokenExpirationBroadcastReceiver"
116-->[com.facebook.android:facebook-core:5.15.3] AndroidManifest.xml:45:13-86
117            android:exported="false" >
117-->[com.facebook.android:facebook-core:5.15.3] AndroidManifest.xml:46:13-37
118            <intent-filter>
118-->[com.facebook.android:facebook-core:5.15.3] AndroidManifest.xml:47:13-49:29
119                <action android:name="com.facebook.sdk.ACTION_CURRENT_ACCESS_TOKEN_CHANGED" />
119-->[com.facebook.android:facebook-core:5.15.3] AndroidManifest.xml:48:17-95
119-->[com.facebook.android:facebook-core:5.15.3] AndroidManifest.xml:48:25-92
120            </intent-filter>
121        </receiver>
122
123        <activity
123-->[com.google.android.gms:play-services-base:15.0.1] AndroidManifest.xml:23:9-26:75
124            android:name="com.google.android.gms.common.api.GoogleApiActivity"
124-->[com.google.android.gms:play-services-base:15.0.1] AndroidManifest.xml:24:13-79
125            android:exported="false"
125-->[com.google.android.gms:play-services-base:15.0.1] AndroidManifest.xml:25:13-37
126            android:theme="@android:style/Theme.Translucent.NoTitleBar" />
126-->[com.google.android.gms:play-services-base:15.0.1] AndroidManifest.xml:26:13-72
127
128        <meta-data
128-->[com.google.android.gms:play-services-basement:15.0.1] AndroidManifest.xml:23:9-25:69
129            android:name="com.google.android.gms.version"
129-->[com.google.android.gms:play-services-basement:15.0.1] AndroidManifest.xml:24:13-58
130            android:value="@integer/google_play_services_version" />
130-->[com.google.android.gms:play-services-basement:15.0.1] AndroidManifest.xml:25:13-66
131    </application>
132
133</manifest>